<?xml version="1.0" encoding="UTF-8"?>
<!-- Generated by org.testng.reporters.JUnitReportReporter -->
<testsuite hostname="049d14d571475c9" failures="0" tests="2" name="com.ust.test.FirstTest" time="0.009" errors="0" timestamp="2023-03-30T16:49:22 IST" skipped="0">
  <testcase classname="com.ust.test.FirstTest" name="f" time="0.008"/>
  <system-out/>
  <testcase classname="com.ust.test.FirstTest" name="a" time="0.001"/>
  <system-out/>
</testsuite> <!-- com.ust.test.FirstTest -->
